E:\PROJECTS\PRIVATE\QT\SRC\CHAPTER05\KS05_03_LIU\APPLICATION\DEBUG\MAIN.OBJ
E:\PROJECTS\PRIVATE\QT\SRC\CHAPTER05\KS05_03_LIU\APPLICATION\DEBUG\MOC_APPLICATION.OBJ
E:\PROJECTS\PRIVATE\QT\SRC\CHAPTER05\KS05_03_LIU\APPLICATION\DEBUG\APPLICATION.OBJ
E:\PROJECTS\PRIVATE\QT\SRC\CHAPTER05\KS05_03_LIU\APPLICATION\DEBUG\VC110.PDB
E:\PROJECTS\PRIVATE\QT\SRC\CHAPTER05\KS05_03_LIU\APPLICATION\DEBUG\QRC_APPLICATION.OBJ
E:\PROJECTS\PRIVATE\QT\SRC\CHAPTER05\KS05_03_LIU\APPLICATION\GENERATEDFILES\DEBUG\MOC_APPLICATION.CPP
E:\PROJECTS\PRIVATE\QT\SRC\CHAPTER05\KS05_03_LIU\APPLICATION\GENERATEDFILES\UI_APPLICATION.H
E:\PROJECTS\PRIVATE\QT\SRC\CHAPTER05\KS05_03_LIU\APPLICATION\GENERATEDFILES\QRC_APPLICATION.CPP
E:\PROJECTS\PRIVATE\QT\SRC\CHAPTER05\KS05_03_LIU\APPLICATION\WIN32\DEBUG\APPLICATION.ILK
E:\PROJECTS\PRIVATE\QT\SRC\CHAPTER05\KS05_03_LIU\APPLICATION\WIN32\DEBUG\APPLICATION.EXE
E:\PROJECTS\PRIVATE\QT\SRC\CHAPTER05\KS05_03_LIU\APPLICATION\WIN32\DEBUG\APPLICATION.PDB
E:\projects\Private\Qt\src\chapter05\ks05_03_liu\Application\Debug\application.obj
E:\projects\Private\Qt\src\chapter05\ks05_03_liu\Application\Debug\main.obj
E:\projects\Private\Qt\src\chapter05\ks05_03_liu\Application\Debug\moc_application.obj
E:\projects\Private\Qt\src\chapter05\ks05_03_liu\Application\Debug\qrc_application.obj
E:\projects\Private\Qt\src\chapter05\ks05_03_liu\Application\Debug\cl.command.1.tlog
E:\projects\Private\Qt\src\chapter05\ks05_03_liu\Application\Debug\CL.read.1.tlog
E:\projects\Private\Qt\src\chapter05\ks05_03_liu\Application\Debug\CL.write.1.tlog
E:\projects\Private\Qt\src\chapter05\ks05_03_liu\Application\Debug\custombuild.command.1.tlog
E:\projects\Private\Qt\src\chapter05\ks05_03_liu\Application\Debug\custombuild.read.1.tlog
E:\projects\Private\Qt\src\chapter05\ks05_03_liu\Application\Debug\custombuild.write.1.tlog
E:\projects\Private\Qt\src\chapter05\ks05_03_liu\Application\Debug\link-cvtres.read.1.tlog
E:\projects\Private\Qt\src\chapter05\ks05_03_liu\Application\Debug\link-cvtres.write.1.tlog
E:\projects\Private\Qt\src\chapter05\ks05_03_liu\Application\Debug\link-rc.read.1.tlog
E:\projects\Private\Qt\src\chapter05\ks05_03_liu\Application\Debug\link-rc.write.1.tlog
E:\projects\Private\Qt\src\chapter05\ks05_03_liu\Application\Debug\link.command.1.tlog
E:\projects\Private\Qt\src\chapter05\ks05_03_liu\Application\Debug\link.read.1.tlog
E:\projects\Private\Qt\src\chapter05\ks05_03_liu\Application\Debug\link.write.1.tlog
E:\projects\Private\Qt\src\chapter05\ks05_03_liu\Application\Debug\vc110.pdb
E:\projects\Private\Qt\src\chapter05\ks05_03_liu\Application\Win32\Debug\Application.pdb
E:\projects\Private\Qt\src\chapter05\ks05_03_liu\Application\Win32\Debug\Application.exe
E:\projects\Private\Qt\src\chapter05\ks05_03_liu\Application\Win32\Debug\Application.ilk
